<?xml version="1.0" encoding="UTF-8"?>
<testsuite xmlns:xsi="http://www.w3.org/2001/XMLSchema-instance" xsi:noNamespaceSchemaLocation="https://maven.apache.org/surefire/maven-surefire-plugin/xsd/surefire-test-report-3.0.xsd" version="3.0" name="controller.LoginTest" time="8.41" tests="1" errors="0" skipped="0" failures="0">
  <properties>
[...]
</properties>
  <testcase name="testLogin(FxRobot)" classname="controller.LoginTest" time="8.408">
    <system-err><![CDATA[May 19, 2021 3:11:39 PM javafx.fxml.FXMLLoader$ValueElement processValue
WARNING: Loading FXML document with JavaFX API of version 16 by JavaFX runtime of version 15.0.1
May 19, 2021 3:11:41 PM javafx.fxml.FXMLLoader$ValueElement processValue
WARNING: Loading FXML document with JavaFX API of version 16 by JavaFX runtime of version 15.0.1
May 19, 2021 3:11:41 PM javafx.fxml.FXMLLoader$ValueElement processValue
WARNING: Loading FXML document with JavaFX API of version 16 by JavaFX runtime of version 15.0.1
May 19, 2021 3:11:44 PM javafx.fxml.FXMLLoader$ValueElement processValue
WARNING: Loading FXML document with JavaFX API of version 16 by JavaFX runtime of version 15.0.1
May 19, 2021 3:11:45 PM javafx.fxml.FXMLLoader$ValueElement processValue
WARNING: Loading FXML document with JavaFX API of version 16 by JavaFX runtime of version 15.0.1
May 19, 2021 3:11:47 PM javafx.fxml.FXMLLoader$ValueElement processValue
WARNING: Loading FXML document with JavaFX API of version 16 by JavaFX runtime of version 15.0.1
]]></system-err>
  </testcase>
</testsuite>