<?xml version="1.0" encoding="UTF-8"?>
<testsuite xmlns:xsi="http://www.w3.org/2001/XMLSchema-instance" xsi:noNamespaceSchemaLocation="https://maven.apache.org/surefire/maven-surefire-plugin/xsd/surefire-test-report-3.0.xsd" version="3.0" name="service.UserServiceTest" time="0.463" tests="5" errors="0" skipped="0" failures="0">
  <properties>
[...]
</properties>
  <testcase name="testDatabaseIsInitializedAndNoUserIsPersisted" classname="service.UserServiceTest" time="0.137">
    <system-out><![CDATA[BeforeClass
]]></system-out>
  </testcase>
  <testcase name="testcheckUsernameAlreadyExists" classname="service.UserServiceTest" time="0.102"/>
  <testcase name="testAdaugareOptiune" classname="service.UserServiceTest" time="0.084"/>
  <testcase name="testUserIsAddedToDatabase" classname="service.UserServiceTest" time="0.077"/>
  <testcase name="testUserCanNotBeAddedTwice" classname="service.UserServiceTest" time="0.05"/>
</testsuite>